Arguments: 
  /Users/wangliufeng/.nvm/versions/node/v10.15.2/bin/node /Users/wangliufeng/.nvm/versions/node/v10.15.2/bin/yarn install

PATH: 
  /Users/wangliufeng/.nvm/versions/node/v10.15.2/bin:/usr/local/bin:/usr/bin:/bin:/usr/sbin:/sbin

Yarn version: 
  1.13.0

Node version: 
  10.15.2

Platform: 
  darwin x64

Trace: 
  SyntaxError: /Users/wangliufeng/Library/Caches/Yarn/v4/npm-uglify-js-0.0.4-48b2d19b65c284a82c4d6ccab6ed141b8e313a72/node_modules/uglify-js/package.json: Unexpected token } in JSON at position 176
      at JSON.parse (<anonymous>)
      at /Users/wangliufeng/.nvm/versions/node/v10.15.2/lib/node_modules/yarn/lib/cli.js:1625:59
      at Generator.next (<anonymous>)
      at step (/Users/wangliufeng/.nvm/versions/node/v10.15.2/lib/node_modules/yarn/lib/cli.js:304:30)
      at /Users/wangliufeng/.nvm/versions/node/v10.15.2/lib/node_modules/yarn/lib/cli.js:315:13

npm manifest: 
  {
    "name": "reactdemo",
    "version": "1.0.0",
    "description": "",
    "main": "index.js",
    "scripts": {
      "build": "npx webpack --config ./build/webpack.prod.js",
      "start": "npx webpack-dev-server --config ./build/webpack.dev.js"
    },
    "repository": {
      "type": "git",
      "url": "git+https://github.com/wlfsgswg/react-demo.git"
    },
    "author": "wlf",
    "license": "ISC",
    "bugs": {
      "url": "https://github.com/wlfsgswg/react-demo/issues"
    },
    "homepage": "https://github.com/wlfsgswg/react-demo#readme",
    "devDependencies": {
      "@babel/core": "^7.6.4",
      "@babel/plugin-proposal-class-properties": "^7.5.5",
      "@babel/polyfill": "^7.6.0",
      "@babel/preset-env": "^7.6.3",
      "@babel/preset-react": "^7.6.3",
      "antd": "^3.24.3",
      "axios": "^0.18.1",
      "babel": "^6.23.0",
      "babel-loader": "^8.0.6",
      "babel-plugin-import": "^1.12.2",
      "clean-webpack-plugin": "^2.0.2",
      "core-js": "^3.3.5",
      "css-loader": "^2.1.1",
      "file-loader": "^3.0.1",
      "html-webpack-plugin": "^3.2.0",
      "js-loader": "^0.1.1",
      "less": "^3.10.3",
      "less-loader": "^4.1.0",
      "moment": "^2.24.0",
      "react": "^16.11.0",
      "react-clipboardjs-copy": "^1.3.1",
      "react-dom": "^16.11.0",
      "react-redux": "^7.1.1",
      "react-router-dom": "^5.1.2",
      "redux": "^4.0.4",
      "style-loader": "^0.23.1",
      "url-loader": "^1.1.2",
      "webpack": "^4.41.2",
      "webpack-cli": "^3.3.10",
      "webpack-dev-server": "^3.9.0"
    },
    "dependencies": {
      "antd-mobile": "^2.3.1",
      "koa": "^2.11.0",
      "koa-static": "^5.0.0",
      "koa-views": "^6.2.1"
    }
  }

yarn manifest: 
  No manifest

Lockfile: 
  No lockfile
